<?xml version="1.0" encoding="UTF-8"?>
<!-- Generated by org.testng.reporters.JUnitXMLReporter -->
<testsuite ignored="0" hostname="DESKTOP-U1SURV9" failures="0" tests="11" name="Default test" time="346.77" errors="0" timestamp="2022-11-04T15:29:53 IST">
  <testcase classname="com.vam.TestCases.MemberPageTestCases" name="check_NewMemberButton" time="1.085"/>
  <testcase classname="com.vam.TestCases.MemberPageTestCases" name="click_NewMemberButton" time="2.315"/>
  <testcase classname="com.vam.TestCases.MemberPageTestCases" name="verify_ErrorOnBlankMantoryFields" time="6.334"/>
  <testcase classname="com.vam.TestCases.MemberPageTestCases" name="check_AddMemberCoverageButton" time="18.793"/>
  <testcase classname="com.vam.TestCases.MemberPageTestCases" name="check_AddMemberCoverage_Blankerror" time="26.151"/>
  <testcase classname="com.vam.TestCases.MemberPageTestCases" name="Add_MemberCoverage" time="31.771"/>
  <testcase classname="com.vam.TestCases.MemberPageTestCases" name="check_Add_Address_MemberCoverage_blankerror" time="23.441"/>
  <testcase classname="com.vam.TestCases.MemberPageTestCases" name="verify_Add_Address_MemberCoverage" time="40.204"/>
  <testcase classname="com.vam.TestCases.MemberPageTestCases" name="verify_Add_Coverage_Address_OnNewMemberwindow" time="40.401"/>
  <testcase classname="com.vam.TestCases.MemberPageTestCases" name="verify_edit_Member_Information" time="7.996"/>
  <testcase classname="com.vam.TestCases.MemberPageTestCases" name="verify_Edit_Member_Information_BlankError" time="11.225"/>
</testsuite> <!-- Default test -->
