<?xml version="1.0" encoding="UTF-8"?>
<!-- Generated by org.testng.reporters.JUnitXMLReporter -->
<testsuite ignored="2" hostname="DESKTOP-U1SURV9" failures="0" tests="1" name="Regression Test(failed)(failed)(failed)(failed)" time="37.519" errors="0" timestamp="2022-10-14T14:51:31 IST">
  <testcase classname="com.vam.TestCases.HomePageTestCases" name="verify_FlaggedCases" time="0.185"/>
  <testcase classname="com.vam.TestCases.HomePageTestCases" name="verify_OpenCases" time="0.0">
    <ignored/>
  </testcase> <!-- verify_OpenCases -->
  <testcase classname="com.vam.TestCases.HomePageTestCases" name="check_FilterAssingedCases1" time="0.0">
    <ignored/>
  </testcase> <!-- check_FilterAssingedCases1 -->
</testsuite> <!-- Regression Test(failed)(failed)(failed)(failed) -->
